<?xml version="1.0" encoding="UTF-8"?>
<!-- Generated by org.testng.reporters.JUnitXMLReporter -->
<testsuite ignored="0" hostname="LAPTOP-CC8323LO" failures="0" tests="3" name="Default test" time="26.006" errors="0" timestamp="2025-01-09T20:18:12 IST">
  <testcase classname="com.TestingFolder.SubmitOrderTest" name="submitOrder" time="14.767"/>
  <testcase classname="com.TestingFolder.SubmitOrderTest" name="submitOrder" time="3.866"/>
  <testcase classname="com.TestingFolder.SubmitOrderTest" name="orderHistory" time="0.9"/>
</testsuite> <!-- Default test -->
