<?xml version="1.0" encoding="UTF-8"?>
<!-- Generated by org.testng.reporters.JUnitXMLReporter -->
<testsuite ignored="1" hostname="LAPTOP-CC8323LO" failures="1" tests="2" name="error validation" time="12.728" errors="0" timestamp="2025-01-10T09:19:03 IST">
  <testcase classname="com.TestingFolder.ErrorValidation" name="loginErrorValidation" time="2.738">
    <skipped/>
  </testcase> <!-- loginErrorValidation -->
  <testcase classname="com.TestingFolder.ErrorValidation" name="loginErrorValidation" time="0.812">
    <failure type="java.lang.AssertionError" message="expected [Incorrect email or password.er] but found [Incorrect email or password.]">
      <![CDATA[java.lang.AssertionError: expected [Incorrect email or password.er] but found [Incorrect email or password.]
at com.TestingFolder.ErrorValidation.loginErrorValidation(ErrorValidation.java:34)
at java.base/java.util.ArrayList.forEach(ArrayList.java:1597)
... Removed 31 stack frames]]>
    </failure>
  </testcase> <!-- loginErrorValidation -->
  <testcase classname="com.TestingFolder.ErrorValidation" name="productErrorvalidation" time="0.0">
    <ignored/>
  </testcase> <!-- productErrorvalidation -->
</testsuite> <!-- error validation -->
