<?xml version="1.0" encoding="UTF-8"?>
<!-- Generated by org.testng.reporters.JUnitXMLReporter -->
<testsuite ignored="2" hostname="LAPTOP-CC8323LO" failures="0" tests="0" time="0.023" errors="0" timestamp="2025-01-10T09:18:50 IST">
  <testcase classname="com.TestingFolder.SubmitOrderTest" name="orderHistory" time="0.0">
    <ignored/>
  </testcase> <!-- orderHistory -->
  <testcase classname="com.TestingFolder.SubmitOrderTest" name="submitOrder" time="0.0">
    <ignored/>
  </testcase> <!-- submitOrder -->
</testsuite>
