<?xml version="1.0" encoding="UTF-8"?>
<!-- Generated by org.testng.reporters.JUnitXMLReporter -->
<testsuite ignored="0" hostname="LAPTOP-CC8323LO" failures="1" tests="3" name="error validation" time="19.808" errors="0" timestamp="2025-01-10T09:36:26 IST">
  <testcase classname="com.TestingFolder.ErrorValidation" name="loginErrorValidation" time="1.724">
    <skipped/>
  </testcase> <!-- loginErrorValidation -->
  <testcase classname="com.TestingFolder.ErrorValidation" name="loginErrorValidation" time="0.954">
    <failure type="java.lang.AssertionError" message="expected [Incorrect email or password.er] but found [Incorrect email or password.]">
      <![CDATA[java.lang.AssertionError: expected [Incorrect email or password.er] but found [Incorrect email or password.]
at com.TestingFolder.ErrorValidation.loginErrorValidation(ErrorValidation.java:34)
at java.base/java.util.ArrayList.forEach(ArrayList.java:1596)
at java.base/java.util.concurrent.FutureTask.run(FutureTask.java:317)
at java.base/java.util.concurrent.ThreadPoolExecutor.runWorker(ThreadPoolExecutor.java:1144)
at java.base/java.util.concurrent.ThreadPoolExecutor$Worker.run(ThreadPoolExecutor.java:642)
at java.base/java.lang.Thread.run(Thread.java:1583)
... Removed 21 stack frames]]>
    </failure>
  </testcase> <!-- loginErrorValidation -->
  <testcase classname="com.TestingFolder.ErrorValidation" name="productErrorvalidation" time="4.684"/>
</testsuite> <!-- error validation -->
